<?xml version="1.0" encoding="UTF-8"?>
<!-- Generated by org.testng.reporters.JUnitReportReporter -->
<testsuite hostname="Shailesh-PC" name="basic1.Demo" tests="1" failures="0" timestamp="7 Jul 2017 12:27:32 GMT" time="24.015" errors="0">
  <testcase name="demo" time="24.015" classname="basic1.Demo"/>
</testsuite> <!-- basic1.Demo -->
